{"id": 121259833, "is_bot": false, "first_name": "Екатерина", "username": "kate4342", "language_code": "ru"}кнопка старт
{"id": 121259833, "is_bot": false, "first_name": "Екатерина", "username": "kate4342", "language_code": "ru"} чаты
{"id": 121259833, "is_bot": false, "first_name": "Екатерина", "username": "kate4342", "language_code": "ru"}Добавление чата https://t.me/russiandxb
{"id": 121259833, "is_bot": false, "first_name": "Екатерина", "username": "kate4342", "language_code": "ru"}Добавление чата https://t.me/forumdubai
https://t.me/dubaipaa
https://t.me/chatdubai_OAE
https://t.me/Dubaichat_ru
https://t.me/LIFE_inDUBAI
https://t.me/Dubai_Busines
https://t.me/vDubai_rus
https://t.me/vopros_otvet_dubai
https://t.me/UAE_chat
https://t.me/russkie_v_oae
https://t.me/dubai_chatt
https://t.me/Dubai_chat
https://t.me/biznesuae
https://t.me/DubaiChatik
https://t.me/forum_uae
https://t.me/ruchatdubai
https://t.me/DubaiRuBay
https://t.me/Dubai_informator
https://t.me/coworking_in_dubai
https://t.me/dubai_helps
https://t.me/tvoidubai
https://t.me/dubai_profi
https://t.me/dubai_svoi
https://t.me/ryska_Dubai
https://t.me/MSKDOM24
https://t.me/dubaiskyi_dvij
https://t.me/dubai_bgchat
https://t.me/dubai_diamond
https://t.me/russians_in_dubaii
https://t.me/UAE_Go
https://t.me/vdeledubai
https://t.me/russiandxb
https://t.me/dubai_russo
https://t.me/networkers_dubai
https://t.me/russkie_v_dubae_choogl
https://t.me/dubaybusiness
https://t.me/dubaipartnersbook
https://t.me/uae_lawyer
https://t.me/dubai_granitsa
https://t.me/zhizn_v_uae
https://t.me/tutdubai
https://t.me/uaechatt
https://t.me/Russo_Dubai_chat
https://t.me/BusinessDXB1
https://t.me/obmen_Dubai11
https://t.me/uae_chat_rus
https://t.me/chatrussianemirates
https://t.me/hhjij8
https://t.me/Dubai_Go_Travel
https://t.me/dubaimastermind500
https://t.me/business_monopoly_dubai
https://t.me/dubaibusinessinfo
https://t.me/dubai_expats
https://t.me/chat_dubai_emirates
https://t.me/DubaiBaraholaka
https://t.me/business_dubai_uae
https://t.me/BIZDXB24
https://t.me/DXBnetworking
https://t.me/DubaiInvestments_26
https://t.me/business_daddies_chat
https://t.me/autodubaigroup
https://t.me/emirates_woman
https://t.me/saudovskaya_araviya
https://t.me/Dubai7799
https://t.me/mycityisdubai
https://t.me/womanDubai
https://t.me/DubaiVChate
https://t.me/kudadubaichat
https://t.me/dubai_tysa
https://t.me/chatoae
https://t.me/rcDUBAI_2022
https://t.me/AbuDhabiChatik
https://t.me/uae_ad
https://t.me/forumUAE
https://t.me/dubay4ik
https://t.me/oae_topchat
https://t.me/creativedubai
https://t.me/kyrgysz_in_dubai
https://t.me/dubai_rus
https://t.me/zhenskiy_dubai
https://t.me/OBRATNOV_UAE
https://t.me/OAE_dubaimoney
https://t.me/sharjashat
https://t.me/obnovleniedubai
https://t.me/lifeinksa
https://t.me/infadubai
https://t.me/girlssclubdubai
https://t.me/Kazakhstan_dubai_uae
https://t.me/Russia_Emirates
https://t.me/davayvdubai
https://t.me/dubai_chat2
https://t.me/dubai_uae_chat
https://t.me/Life_in_Dubai_TM
https://t.me/abudabi_chat
https://t.me/dubai_topchat
https://t.me/molodostdubai
https://t.me/DubaiSP4
https://t.me/dubai_oae_expats
https://t.me/dybaigo
https://t.me/chat_dubai_emirates
https://t.me/livingindubai
https://t.me/dubai_rus_chat
https://t.me/dubai_chat_oae
{"id": 121259833, "is_bot": false, "first_name": "Екатерина", "username": "kate4342", "language_code": "ru"}Добавление чата https://t.me/homesrental
https://t.me/Dubai_hous
https://t.me/estate_oae
https://t.me/dubaiapartments2022
https://t.me/renting_dubai
https://t.me/kupiprodaikaoae
https://t.me/Dubai_Calls_chat
https://t.me/ads_dubai
https://t.me/HOMESCANERRUS
https://t.me/Change_OAE
https://t.me/ChatYDubai
https://t.me/nedvizhimost_oae
https://t.me/uae_ads
https://t.me/abu_rent
https://t.me/rent_in_dubai
https://t.me/dubai_realestate22
{"id": 121259833, "is_bot": false, "first_name": "Екатерина", "username": "kate4342", "language_code": "ru"}Добавление чата https://t.me/viza_dubai
{"id": 495456546, "is_bot": false, "first_name": "Viktor", "username": "VIKTORBLUMTT", "language_code": "ru"}кнопка старт
{"id": 495456546, "is_bot": false, "first_name": "Viktor", "username": "VIKTORBLUMTT", "language_code": "ru"}Ключевые слова
{"id": 1258998616, "is_bot": false, "first_name": "Yana", "last_name": "Marakulina", "username": "yanamarakulina", "language_code": "ru"}кнопка старт
{"id": 1258998616, "is_bot": false, "first_name": "Yana", "last_name": "Marakulina", "username": "yanamarakulina", "language_code": "ru"}Ключевые слова
{"id": 1258998616, "is_bot": false, "first_name": "Yana", "last_name": "Marakulina", "username": "yanamarakulina", "language_code": "ru"}В главное меню
{"id": 1258998616, "is_bot": false, "first_name": "Yana", "last_name": "Marakulina", "username": "yanamarakulina", "language_code": "ru"}оплата
{"id": 1258998616, "is_bot": false, "first_name": "Yana", "last_name": "Marakulina", "username": "yanamarakulina", "language_code": "ru"}оплата
{"id": 1358110465, "is_bot": false, "first_name": "Ilya", "username": "son2421", "language_code": "ru", "is_premium": true} чаты
{"id": 1358110465, "is_bot": false, "first_name": "Ilya", "username": "son2421", "language_code": "ru", "is_premium": true}Добавление чата https://t.me/apple_moskva
{"id": 1358110465, "is_bot": false, "first_name": "Ilya", "username": "son2421", "language_code": "ru", "is_premium": true}В главное меню
{"id": 1358110465, "is_bot": false, "first_name": "Ilya", "username": "son2421", "language_code": "ru", "is_premium": true}Ключевые слова
